<?xml version="1.0" encoding="UTF-8"?>
<!-- Generated by org.testng.reporters.JUnitReportReporter -->
<testsuite hostname="LIN19005516" failures="0" tests="1" name="com.manage.TestManager" time="0.007" errors="0" timestamp="2021-11-03T22:11:43 IST" skipped="0">
  <testcase classname="com.manage.TestManager" name="add" time="0.007"/>
  <system-out/>
</testsuite> <!-- com.manage.TestManager -->
